2013-04-09 02:10:34.7651 ERROR The underlying connection was closed: A connection that was expected to be kept alive was closed by the server.
2013-04-09 02:10:34.8121 TRACE    at System.Web.Services.Protocols.WebClientProtocol.GetWebResponse(WebRequest request)
   at System.Web.Services.Protocols.HttpWebClientProtocol.GetWebResponse(WebRequest request)
   at System.Web.Services.Protocols.SoapHttpClientProtocol.Invoke(String methodName, Object[] parameters)
   at BetfairAPI.BFExchange.BFExchangeService.getMarket(GetMarketReq request) in c:\Users\***REMOVED***\Dropbox\Uni\Project\MBHelper\BetfairAPI\Web References\BFExchange\Reference.cs:line 466
   at BetfairAPI.Betfair.GetMarket(Int32 marketId, GetMarketResp& marketResp) in c:\Users\***REMOVED***\Dropbox\Uni\Project\MBHelper\BetfairAPI\Betfair.cs:line 192
   at OddsGrabber.Program.IngestBetfairMarkets() in c:\Users\***REMOVED***\Dropbox\Uni\Project\MBHelper\OddsGrabber\Program.cs:line 110
   at OddsGrabber.Program.Main() in c:\Users\***REMOVED***\Dropbox\Uni\Project\MBHelper\OddsGrabber\Program.cs:line 41
2013-04-09 02:10:34.8121 INFO Completed. Time elapsed: 02:13:34.8683719
2013-04-09 09:21:53.3874 DEBUG GetMarketReq - FAILED: Response.Header.ErrorCode = EXCEEDED_THROTTLE
2013-04-09 09:28:06.5417 DEBUG GetMarketReq - FAILED: Response.Header.ErrorCode = EXCEEDED_THROTTLE
2013-04-09 09:29:56.4907 DEBUG GetMarketReq - FAILED: Response.Header.ErrorCode = EXCEEDED_THROTTLE
2013-04-09 09:30:11.3887 DEBUG GetMarketReq - FAILED: Response.Header.ErrorCode = EXCEEDED_THROTTLE
2013-04-09 09:31:45.2229 DEBUG GetMarketReq - FAILED: Response.Header.ErrorCode = EXCEEDED_THROTTLE
2013-04-09 09:32:56.4994 DEBUG GetMarketReq - FAILED: Response.Header.ErrorCode = EXCEEDED_THROTTLE
2013-04-09 10:24:38.0425 INFO 0 Expired markets removed from database
2013-04-09 10:24:38.0425 INFO 331 New markets added to database
2013-04-09 10:24:38.0425 INFO 0 In-play markets skipped
2013-04-09 10:24:38.0425 INFO Completed. Time elapsed: 01:04:45.3699525
2013-04-09 10:29:52.2213 INFO Completed. Time elapsed: 00:00:07.9162548
2013-04-09 10:30:55.0099 INFO Completed. Time elapsed: 00:00:05.0640464
